PS D:\DSC\Vagrant\kadm> vagrant up
==> vagrant: A new version of Vagrant is available: 2.3.3 (installed version: 2.2.18)!
==> vagrant: To upgrade visit: https://www.vagrantup.com/downloads.html

Bringing machine 'ctrl-comp01.ctrl.mitkar241.io' up with 'virtualbox' provider...
==> ctrl-comp01.ctrl.mitkar241.io: Importing base box 'chenhan/ubuntu-desktop-20.04'...
==> ctrl-comp01.ctrl.mitkar241.io: Matching MAC address for NAT networking...
==> ctrl-comp01.ctrl.mitkar241.io: Checking if box 'chenhan/ubuntu-desktop-20.04' version '20200424' is up to date...
==> ctrl-comp01.ctrl.mitkar241.io: Setting the name of the VM: kadm_ctrl-comp01ctrlmitkar241io_1668964061460_43445
==> ctrl-comp01.ctrl.mitkar241.io: Clearing any previously set network interfaces...
==> ctrl-comp01.ctrl.mitkar241.io: Preparing network interfaces based on configuration...
    ctrl-comp01.ctrl.mitkar241.io: Adapter 1: nat
    ctrl-comp01.ctrl.mitkar241.io: Adapter 2: bridged
==> ctrl-comp01.ctrl.mitkar241.io: Forwarding ports...
    ctrl-comp01.ctrl.mitkar241.io: 22 (guest) => 2222 (host) (adapter 1)
==> ctrl-comp01.ctrl.mitkar241.io: Running 'pre-boot' VM customizations...
==> ctrl-comp01.ctrl.mitkar241.io: Resized disk: old 65536 MB, req 68608 MB, new 68608 MB
==> ctrl-comp01.ctrl.mitkar241.io: You may need to resize the filesystem from within the guest.
==> ctrl-comp01.ctrl.mitkar241.io: Booting VM...
==> ctrl-comp01.ctrl.mitkar241.io: Waiting for machine to boot. This may take a few minutes...
    ctrl-comp01.ctrl.mitkar241.io: SSH address: 127.0.0.1:2222
    ctrl-comp01.ctrl.mitkar241.io: SSH username: vagrant
    ctrl-comp01.ctrl.mitkar241.io: SSH auth method: private key
    ctrl-comp01.ctrl.mitkar241.io: Warning: Connection aborted. Retrying...
    ctrl-comp01.ctrl.mitkar241.io: Warning: Connection reset. Retrying...
    ctrl-comp01.ctrl.mitkar241.io:
    ctrl-comp01.ctrl.mitkar241.io: Vagrant insecure key detected. Vagrant will automatically replace
    ctrl-comp01.ctrl.mitkar241.io: this with a newly generated keypair for better security.
    ctrl-comp01.ctrl.mitkar241.io:
    ctrl-comp01.ctrl.mitkar241.io: Inserting generated public key within guest...
==> ctrl-comp01.ctrl.mitkar241.io: Machine booted and ready!
==> ctrl-comp01.ctrl.mitkar241.io: Checking for guest additions in VM...
    ctrl-comp01.ctrl.mitkar241.io: The guest additions on this VM do not match the installed version of
    ctrl-comp01.ctrl.mitkar241.io: VirtualBox! In most cases this is fine, but in rare cases it can
    ctrl-comp01.ctrl.mitkar241.io: prevent things such as shared folders from working properly. If you see
    ctrl-comp01.ctrl.mitkar241.io: shared folder errors, please make sure the guest additions within the
    ctrl-comp01.ctrl.mitkar241.io: virtual machine match the version of VirtualBox you have installed on
    ctrl-comp01.ctrl.mitkar241.io: your host and reload your VM.
    ctrl-comp01.ctrl.mitkar241.io:
    ctrl-comp01.ctrl.mitkar241.io: Guest Additions Version: 5.2.34
    ctrl-comp01.ctrl.mitkar241.io: VirtualBox Version: 6.1
==> ctrl-comp01.ctrl.mitkar241.io: Setting hostname...
==> ctrl-comp01.ctrl.mitkar241.io: Configuring and enabling network interfaces...
==> ctrl-comp01.ctrl.mitkar241.io: Mounting shared folders...
    ctrl-comp01.ctrl.mitkar241.io: /shared => D:/DSC/Vagrant/kadm/shared
    ctrl-comp01.ctrl.mitkar241.io: /vagrant => D:/DSC/Vagrant/kadm
==> ctrl-comp01.ctrl.mitkar241.io: Running provisioner: shell...
    ctrl-comp01.ctrl.mitkar241.io: Running: C:/Users/raktim/AppData/Local/Temp/vagrant-shell20221120-23556-dmu66d.sh
==> ctrl-comp01.ctrl.mitkar241.io: Running provisioner: shell...
    ctrl-comp01.ctrl.mitkar241.io: Running: C:/Users/raktim/AppData/Local/Temp/vagrant-shell20221120-23556-19w6cpo.sh
    ctrl-comp01.ctrl.mitkar241.io: git version 2.25.1
    ctrl-comp01.ctrl.mitkar241.io: Python 3.8.2
    ctrl-comp01.ctrl.mitkar241.io: curl 7.68.0 (x86_64-pc-linux-gnu) libcurl/7.68.0 OpenSSL/1.1.1f zlib/1.2.11 brotli/1.0.7 libidn2/2.2.0 libpsl/0.21.0 (+libidn2/2.2.0) libssh/0.9.3/openssl/zlib nghttp2/1.40.0 librtmp/2.3
    ctrl-comp01.ctrl.mitkar241.io: Release-Date: 2020-01-08
    ctrl-comp01.ctrl.mitkar241.io: Protocols: dict file ftp ftps gopher http https imap imaps ldap ldaps pop3 pop3s rtmp rtsp scp sftp smb smbs smtp smtps telnet tftp
    ctrl-comp01.ctrl.mitkar241.io: Features: AsynchDNS brotli GSS-API HTTP2 HTTPS-proxy IDN IPv6 Kerberos Largefile libz NTLM NTLM_WB PSL SPNEGO SSL TLS-SRP UnixSockets
==> ctrl-comp01.ctrl.mitkar241.io: Running provisioner: shell...
    ctrl-comp01.ctrl.mitkar241.io: Running: C:/Users/raktim/AppData/Local/Temp/vagrant-shell20221120-23556-flxqmj.sh
    ctrl-comp01.ctrl.mitkar241.io:
    ctrl-comp01.ctrl.mitkar241.io: WARNING: apt does not have a stable CLI interface. Use with caution in scripts.
    ctrl-comp01.ctrl.mitkar241.io:
    ctrl-comp01.ctrl.mitkar241.io: Reading package lists...
    ctrl-comp01.ctrl.mitkar241.io: Building dependency tree...
    ctrl-comp01.ctrl.mitkar241.io: Reading state information...
    ctrl-comp01.ctrl.mitkar241.io: The following additional packages will be installed:
    ctrl-comp01.ctrl.mitkar241.io:   bind9-utils python3-ply
    ctrl-comp01.ctrl.mitkar241.io: Suggested packages:
    ctrl-comp01.ctrl.mitkar241.io:   bind-doc resolvconf python-ply-doc
    ctrl-comp01.ctrl.mitkar241.io: The following NEW packages will be installed:
    ctrl-comp01.ctrl.mitkar241.io:   bind9 bind9-utils python3-ply
    ctrl-comp01.ctrl.mitkar241.io: 0 upgraded, 3 newly installed, 0 to remove and 0 not upgraded.
    ctrl-comp01.ctrl.mitkar241.io: Need to get 451 kB of archives.
    ctrl-comp01.ctrl.mitkar241.io: After this operation, 1,905 kB of additional disk space will be used.
    ctrl-comp01.ctrl.mitkar241.io: Get:1 http://archive.ubuntu.com/ubuntu focal/main amd64 python3-ply all 3.11-3build1 [46.4 kB]
    ctrl-comp01.ctrl.mitkar241.io: Get:2 http://archive.ubuntu.com/ubuntu focal/main amd64 bind9-utils amd64 1:9.16.1-0ubuntu2 [172 kB]
    ctrl-comp01.ctrl.mitkar241.io: Get:3 http://archive.ubuntu.com/ubuntu focal/main amd64 bind9 amd64 1:9.16.1-0ubuntu2 [233 kB]
    ctrl-comp01.ctrl.mitkar241.io: dpkg-preconfigure: unable to re-open stdin: No such file or directory
    ctrl-comp01.ctrl.mitkar241.io: Fetched 451 kB in 3s (170 kB/s)
    ctrl-comp01.ctrl.mitkar241.io: Selecting previously unselected package python3-ply.
(Reading database ... 155701 files and directories currently installed.)
    ctrl-comp01.ctrl.mitkar241.io: Preparing to unpack .../python3-ply_3.11-3build1_all.deb ...
    ctrl-comp01.ctrl.mitkar241.io: Unpacking python3-ply (3.11-3build1) ...
    ctrl-comp01.ctrl.mitkar241.io: Selecting previously unselected package bind9-utils.
    ctrl-comp01.ctrl.mitkar241.io: Preparing to unpack .../bind9-utils_1%3a9.16.1-0ubuntu2_amd64.deb ...
    ctrl-comp01.ctrl.mitkar241.io: Unpacking bind9-utils (1:9.16.1-0ubuntu2) ...
    ctrl-comp01.ctrl.mitkar241.io: Selecting previously unselected package bind9.
    ctrl-comp01.ctrl.mitkar241.io: Preparing to unpack .../bind9_1%3a9.16.1-0ubuntu2_amd64.deb ...
    ctrl-comp01.ctrl.mitkar241.io: Unpacking bind9 (1:9.16.1-0ubuntu2) ...
    ctrl-comp01.ctrl.mitkar241.io: Setting up python3-ply (3.11-3build1) ...
    ctrl-comp01.ctrl.mitkar241.io: Setting up bind9-utils (1:9.16.1-0ubuntu2) ...
    ctrl-comp01.ctrl.mitkar241.io: Setting up bind9 (1:9.16.1-0ubuntu2) ...
    ctrl-comp01.ctrl.mitkar241.io: Adding group `bind' (GID 134) ...
    ctrl-comp01.ctrl.mitkar241.io: Done.
    ctrl-comp01.ctrl.mitkar241.io: Adding system user `bind' (UID 131) ...
    ctrl-comp01.ctrl.mitkar241.io: Adding new user `bind' (UID 131) with group `bind' ...
    ctrl-comp01.ctrl.mitkar241.io: Not creating home directory `/var/cache/bind'.
    ctrl-comp01.ctrl.mitkar241.io: wrote key file "/etc/bind/rndc.key"
    ctrl-comp01.ctrl.mitkar241.io: named-resolvconf.service is a disabled or a static unit, not starting it.
    ctrl-comp01.ctrl.mitkar241.io: Created symlink /etc/systemd/system/bind9.service → /lib/systemd/system/named.service.
    ctrl-comp01.ctrl.mitkar241.io: Created symlink /etc/systemd/system/multi-user.target.wants/named.service → /lib/systemd/system/named.service.
    ctrl-comp01.ctrl.mitkar241.io: Processing triggers for systemd (245.4-4ubuntu3) ...
    ctrl-comp01.ctrl.mitkar241.io: Processing triggers for man-db (2.9.1-1) ...
    ctrl-comp01.ctrl.mitkar241.io: Processing triggers for ufw (0.36-6) ...
    ctrl-comp01.ctrl.mitkar241.io: Cloning into 'networking'...
    ctrl-comp01.ctrl.mitkar241.io:
    ctrl-comp01.ctrl.mitkar241.io: WARNING: apt does not have a stable CLI interface. Use with caution in scripts.
    ctrl-comp01.ctrl.mitkar241.io:
    ctrl-comp01.ctrl.mitkar241.io: Reading package lists...
    ctrl-comp01.ctrl.mitkar241.io: Building dependency tree...
    ctrl-comp01.ctrl.mitkar241.io: Reading state information...
    ctrl-comp01.ctrl.mitkar241.io: bind9 is already the newest version (1:9.16.1-0ubuntu2).
    ctrl-comp01.ctrl.mitkar241.io: 0 upgraded, 0 newly installed, 0 to remove and 0 not upgraded.
    ctrl-comp01.ctrl.mitkar241.io: Failed to enable unit: Refusing to operate on alias name or linked unit file: bind9.service
==> ctrl-comp01.ctrl.mitkar241.io: Running provisioner: shell...
    ctrl-comp01.ctrl.mitkar241.io: Running: C:/Users/raktim/AppData/Local/Temp/vagrant-shell20221120-23556-1o2j8hs.sh
    ctrl-comp01.ctrl.mitkar241.io: Cloning into 'networking'...
    ctrl-comp01.ctrl.mitkar241.io:
    ctrl-comp01.ctrl.mitkar241.io: WARNING: apt does not have a stable CLI interface. Use with caution in scripts.
    ctrl-comp01.ctrl.mitkar241.io:
    ctrl-comp01.ctrl.mitkar241.io: Reading package lists...
    ctrl-comp01.ctrl.mitkar241.io: Building dependency tree...
    ctrl-comp01.ctrl.mitkar241.io: Reading state information...
    ctrl-comp01.ctrl.mitkar241.io: The following NEW packages will be installed:
    ctrl-comp01.ctrl.mitkar241.io:   resolvconf
    ctrl-comp01.ctrl.mitkar241.io: 0 upgraded, 1 newly installed, 0 to remove and 0 not upgraded.
    ctrl-comp01.ctrl.mitkar241.io: Need to get 54.7 kB of archives.
    ctrl-comp01.ctrl.mitkar241.io: After this operation, 200 kB of additional disk space will be used.
    ctrl-comp01.ctrl.mitkar241.io: Get:1 http://archive.ubuntu.com/ubuntu focal/universe amd64 resolvconf all 1.82 [54.7 kB]
    ctrl-comp01.ctrl.mitkar241.io: dpkg-preconfigure: unable to re-open stdin: No such file or directory
    ctrl-comp01.ctrl.mitkar241.io: Fetched 54.7 kB in 1s (50.9 kB/s)
    ctrl-comp01.ctrl.mitkar241.io: Selecting previously unselected package resolvconf.
(Reading database ... 155826 files and directories currently installed.)
    ctrl-comp01.ctrl.mitkar241.io: Preparing to unpack .../resolvconf_1.82_all.deb ...
    ctrl-comp01.ctrl.mitkar241.io: Unpacking resolvconf (1.82) ...
    ctrl-comp01.ctrl.mitkar241.io: Setting up resolvconf (1.82) ...
    ctrl-comp01.ctrl.mitkar241.io: Created symlink /etc/systemd/system/sysinit.target.wants/resolvconf.service → /lib/systemd/system/resolvconf.service.
    ctrl-comp01.ctrl.mitkar241.io: Created symlink /etc/systemd/system/systemd-resolved.service.wants/resolvconf-pull-resolved.path → /lib/systemd/system/resolvconf-pull-resolved.path.
    ctrl-comp01.ctrl.mitkar241.io: resolvconf-pull-resolved.service is a disabled or a static unit, not starting it.
    ctrl-comp01.ctrl.mitkar241.io: Processing triggers for systemd (245.4-4ubuntu3) ...
    ctrl-comp01.ctrl.mitkar241.io: Processing triggers for man-db (2.9.1-1) ...
    ctrl-comp01.ctrl.mitkar241.io: Processing triggers for resolvconf (1.82) ...
==> ctrl-comp01.ctrl.mitkar241.io: Running provisioner: file...
    ctrl-comp01.ctrl.mitkar241.io: scripts/linux-pkg/refresh-pkg.sh => /tmp/linux-pkg/refresh-pkg.sh
==> ctrl-comp01.ctrl.mitkar241.io: Running provisioner: shell...
    ctrl-comp01.ctrl.mitkar241.io: Running: inline script
==> ctrl-comp01.ctrl.mitkar241.io: Running provisioner: file...
    ctrl-comp01.ctrl.mitkar241.io: scripts/code-editor/vscode.sh => /tmp/code-editor/vscode.sh
==> ctrl-comp01.ctrl.mitkar241.io: Running provisioner: shell...
    ctrl-comp01.ctrl.mitkar241.io: Running: inline script
==> ctrl-comp01.ctrl.mitkar241.io: Running provisioner: file...
    ctrl-comp01.ctrl.mitkar241.io: scripts/gui-customize/ubuntu-gui.sh => /tmp/gui-customize/ubuntu-gui.sh
==> ctrl-comp01.ctrl.mitkar241.io: Running provisioner: shell...
    ctrl-comp01.ctrl.mitkar241.io: Running: inline script
==> ctrl-comp01.ctrl.mitkar241.io: Running provisioner: shell...
    ctrl-comp01.ctrl.mitkar241.io: Running: C:/Users/raktim/AppData/Local/Temp/vagrant-shell20221120-23556-148j7b9.sh
PS D:\DSC\Vagrant\kadm>